<?xml version="1.0" encoding="UTF-8"?>
<!-- Generated by org.testng.reporters.JUnitReportReporter -->
<testsuite hostname="CDMIHFB2" failures="0" tests="10" name="runner.WebApp" time="155.267" errors="0" timestamp="18 Jan 2022 10:24:23 GMT" skipped="0">
  <testcase classname="runner.WebApp" name="LocalPage" time="27.689"/>
  <testcase classname="runner.WebApp" name="HomePage" time="4.762"/>
  <testcase classname="runner.WebApp" name="SignUp" time="7.805"/>
  <testcase classname="runner.WebApp" name="HomepageLogin" time="7.394"/>
  <testcase classname="runner.WebApp" name="AboutPage" time="7.568"/>
  <testcase classname="runner.WebApp" name="ContactPage" time="6.662"/>
  <testcase classname="runner.WebApp" name="OnewayPage" time="15.061"/>
  <testcase classname="runner.WebApp" name="OutstationPage" time="32.012"/>
  <testcase classname="runner.WebApp" name="AirportPage" time="33.278"/>
  <testcase classname="runner.WebApp" name="CorporatePage" time="13.036"/>
</testsuite> <!-- runner.WebApp -->
